<html>
<body>
<pre>
<h1>Vision Build Log</h1>
<h2>Project:</h2>
E:\嵌入式\百度云同步盘\毕业论文\毕业设计\source_code\each_function_codes\Analog_quantity\ADC.uvproj
Project File Date:  03/08/2016

<h2>Output:</h2>
compiling main.c...
source_code\main.c - 0 Error(s), 0 Warning(s).
Build target 'ADC'
compiling BSP.c...
compiling misc.c...
compiling stm32f10x_adc.c...
compiling stm32f10x_bkp.c...
compiling stm32f10x_can.c...
compiling stm32f10x_cec.c...
compiling stm32f10x_crc.c...
compiling stm32f10x_dac.c...
compiling stm32f10x_dbgmcu.c...
compiling stm32f10x_dma.c...
compiling stm32f10x_exti.c...
compiling stm32f10x_flash.c...
compiling stm32f10x_fsmc.c...
compiling stm32f10x_gpio.c...
compiling stm32f10x_i2c.c...
compiling stm32f10x_iwdg.c...
compiling stm32f10x_pwr.c...
compiling stm32f10x_rcc.c...
compiling stm32f10x_rtc.c...
compiling stm32f10x_sdio.c...
compiling stm32f10x_spi.c...
compiling stm32f10x_tim.c...
compiling stm32f10x_usart.c...
compiling stm32f10x_wwdg.c...
assembling startup_stm32f10x_md.s...
compiling core_cm3.c...
linking...
ADC.axf: Error: L6218E: Undefined symbol SystemInit (referred from startup_stm32f10x_md.o).
Target not created
compiling main.c...
source_code\main.c - 0 Error(s), 0 Warning(s).
Build target 'ADC'
compiling system_stm32f10x.c...
linking...
Program Size: Code=820 RO-data=268 RW-data=20 ZI-data=1636  
"ADC.axf" - 0 Error(s), 0 Warning(s).
Build target 'ADC'
compiling main.c...
compiling BSP.c...
source_code\BSP.c(58): warning:  #1-D: last line of file ends without a newline
linking...
Program Size: Code=820 RO-data=268 RW-data=20 ZI-data=1636  
"ADC.axf" - 0 Error(s), 1 Warning(s).
Build target 'ADC'
compiling BSP.c...
linking...
Program Size: Code=820 RO-data=268 RW-data=20 ZI-data=1636  
"ADC.axf" - 0 Error(s), 0 Warning(s).
Build target 'ADC'
compiling ADC.c...
linking...
Program Size: Code=820 RO-data=268 RW-data=20 ZI-data=1636  
"ADC.axf" - 0 Error(s), 0 Warning(s).
compiling main.c...
source_code\main.c - 0 Error(s), 0 Warning(s).
Build target 'ADC'
compiling ADC.c...
source_code\ADC.c(22): error:  #20: identifier "ADC_InitTypeDef" is undefined
source_code\ADC.c(23): warning:  #223-D: function "RCC_APB2PeriphClockCmd" declared implicitly
source_code\ADC.c(23): error:  #20: identifier "RCC_APB2Periph_ADC1" is undefined
source_code\ADC.c(23): error:  #20: identifier "ENABLE" is undefined
source_code\ADC.c(25): error:  #20: identifier "ADC_Mode_Independent" is undefined
source_code\ADC.c(28): error:  #20: identifier "ADC_ExternalTrigConv_None" is undefined
source_code\ADC.c(29): error:  #20: identifier "ADC_DataAlign_Right" is undefined
source_code\ADC.c(31): warning:  #223-D: function "ADC_Init" declared implicitly
source_code\ADC.c(31): error:  #20: identifier "ADC1" is undefined
source_code\ADC.c(33): warning:  #223-D: function "ADC_RegularChannelConfig" declared implicitly
source_code\ADC.c(33): error:  #20: identifier "ADC_Channel_14" is undefined
source_code\ADC.c(33): error:  #20: identifier "ADC_SampleTime_55Cycles5" is undefined
source_code\ADC.c(34): warning:  #223-D: function "ADC_Cmd" declared implicitly
source_code\ADC.c(36): warning:  #223-D: function "ADC_ResetCalibration" declared implicitly
source_code\ADC.c(37): warning:  #223-D: function "ADC_GetResetCalibrationStatus" declared implicitly
source_code\ADC.c(38): warning:  #223-D: function "ADC_StartCalibration" declared implicitly
source_code\ADC.c(40): warning:  #223-D: function "ADC_GetCalibrationStatus" declared implicitly
source_code\ADC.c(41): warning:  #223-D: function "ADC_SoftwareStartConvCmd" declared implicitly
source_code\ADC.c(42): warning:  #1-D: last line of file ends without a newline
compiling BSP.c...
Target not created
Build target 'ADC'
compiling ADC.c...
source_code\ADC.c(43): warning:  #1-D: last line of file ends without a newline
linking...
Program Size: Code=820 RO-data=268 RW-data=20 ZI-data=1636  
"ADC.axf" - 0 Error(s), 1 Warning(s).
Build target 'ADC'
compiling ADC.c...
linking...
Program Size: Code=820 RO-data=268 RW-data=20 ZI-data=1636  
"ADC.axf" - 0 Error(s), 0 Warning(s).
Build target 'ADC'
compiling main.c...
source_code\BSP.h(8): error:  #20: identifier "FILE" is undefined
compiling ADC.c...
compiling BSP.c...
source_code\BSP.h(8): error:  #20: identifier "FILE" is undefined
source_code\BSP.c(81): error:  #20: identifier "FILE" is undefined
Target not created
Build target 'ADC'
compiling main.c...
compiling BSP.c...
linking...
Program Size: Code=820 RO-data=268 RW-data=20 ZI-data=1636  
"ADC.axf" - 0 Error(s), 0 Warning(s).
Clean started: Project: 'ADC'
   deleting intermediate output files for target 'ADC'
Build target 'ADC'
compiling main.c...
compiling ADC.c...
compiling system_stm32f10x.c...
compiling BSP.c...
compiling misc.c...
compiling stm32f10x_adc.c...
compiling stm32f10x_bkp.c...
compiling stm32f10x_can.c...
compiling stm32f10x_cec.c...
compiling stm32f10x_crc.c...
compiling stm32f10x_dac.c...
compiling stm32f10x_dbgmcu.c...
compiling stm32f10x_dma.c...
compiling stm32f10x_exti.c...
compiling stm32f10x_flash.c...
compiling stm32f10x_fsmc.c...
compiling stm32f10x_gpio.c...
compiling stm32f10x_i2c.c...
compiling stm32f10x_iwdg.c...
compiling stm32f10x_pwr.c...
compiling stm32f10x_rcc.c...
compiling stm32f10x_rtc.c...
compiling stm32f10x_sdio.c...
compiling stm32f10x_spi.c...
compiling stm32f10x_tim.c...
compiling stm32f10x_usart.c...
compiling stm32f10x_wwdg.c...
assembling startup_stm32f10x_md.s...
startup_stm32f10x_md.s: error: A1023E: File "startup_stm32f10x_md.s" could not be opened: No such file or directory
Target not created
